[01m[K/home/alumnos/alejo/colcon_ws/src/follow-wall-roboros/src/calculate_direction.cpp:6:39:[m[K [01;31m[Kerror: [m[Kâ€˜[01m[KLaser_scan[m[Kâ€™ in namespace â€˜[01m[Ksensor_msgs::msg[m[Kâ€™ does not name a type; did you mean â€˜[01m[KLaserScan[m[Kâ€™?
    6 | t sensor_msgs::msg::[01;31m[KLaser_scan[m[K::SharedPtr msg)
      |                     [01;31m[K^~~~~~~~~~[m[K
      |                     [32m[KLaserScan[m[K
[01m[K/home/alumnos/alejo/colcon_ws/src/follow-wall-roboros/src/calculate_direction.cpp:6:61:[m[K [01;31m[Kerror: [m[Kexpected unqualified-id before â€˜[01m[Kmsg[m[Kâ€™
    6 | ser_scan::SharedPtr [01;31m[Kmsg[m[K)
      |                     [01;31m[K^~~[m[K

[01m[K/home/alumnos/alejo/colcon_ws/src/follow-wall-roboros/src/calculate_direction.cpp:6:60:[m[K [01;31m[Kerror: [m[Kexpected â€˜[01m[K)[m[Kâ€™ before â€˜[01m[Kmsg[m[Kâ€™
    6 | aser_scan::SharedPtr[01;31m[K [m[K[32m[Kmsg[m[K)
      |                     [01;31m[K^[m[K[32m[K~~~[m[K
      |                     [32m[K)[m[K
[01m[K/home/alumnos/alejo/colcon_ws/src/follow-wall-roboros/src/calculate_direction.cpp:6:61:[m[K [01;31m[Kerror: [m[Kexpected initializer before â€˜[01m[Kmsg[m[Kâ€™
    6 | ser_scan::SharedPtr [01;31m[Kmsg[m[K)
      |                     [01;31m[K^~~[m[K

[01m[K/home/alumnos/alejo/colcon_ws/src/follow-wall-roboros/src/calculate_direction.cpp:[m[K In function â€˜[01m[Kint main(int, char**)[m[Kâ€™:
[01m[K/home/alumnos/alejo/colcon_ws/src/follow-wall-roboros/src/calculate_direction.cpp:16:67:[m[K [01;31m[Kerror: [m[Kâ€˜[01m[Klaserscan[m[Kâ€™ is not a member of â€˜[01m[Ksensor_msgs::msg[m[Kâ€™; did you mean â€˜[01m[KLaserScan[m[Kâ€™?
   16 | cription<sensor_msgs::msg::[01;31m[Klaserscan[m[K>(
      |                            [01;31m[K^~~~~~~~~[m[K
      |                            [32m[KLaserScan[m[K
[01m[K/home/alumnos/alejo/colcon_ws/src/follow-wall-roboros/src/calculate_direction.cpp:17:22:[m[K [01;31m[Kerror: [m[Kâ€˜[01m[Kcallback[m[Kâ€™ was not declared in this scope; did you mean â€˜[01m[Kcalloc[m[Kâ€™?
   17 |     "/scan_raw", 10, [01;31m[Kcallback[m[K);
      |                      [01;31m[K^~~~~~~~[m[K
      |                      [32m[Kcalloc[m[K
make[2]: *** [CMakeFiles/calculate_direction.dir/build.make:63: CMakeFiles/calculate_direction.dir/src/calculate_direction.cpp.o] Error 1
make[1]: *** [CMakeFiles/Makefile2:78: CMakeFiles/calculate_direction.dir/all] Error 2
make: *** [Makefile:141: all] Error 2
