[0.081s] Invoking command in '/home/alumnos/alejo/colcon_ws/src/follow-wall-roboros/build/follow-wall': CMAKE_PREFIX_PATH=${CMAKE_PREFIX_PATH}:/home/alumnos/alejo/colcon_ws/install/ros2controlcli:/home/alumnos/alejo/colcon_ws/install/launch_pal:/home/alumnos/alejo/colcon_ws/install/intro_py_ros2:/opt/ros/foxy /usr/bin/cmake --build /home/alumnos/alejo/colcon_ws/src/follow-wall-roboros/build/follow-wall -- -j6 -l6
[0.133s] -- Found ament_cmake: 0.9.9 (/opt/ros/foxy/share/ament_cmake/cmake)
[0.168s] -- Using PYTHON_EXECUTABLE: /usr/bin/python3
[0.509s] -- Found rclcpp: 2.4.0 (/opt/ros/foxy/share/rclcpp/cmake)
[0.643s] -- Using all available rosidl_typesupport_c: rosidl_typesupport_fastrtps_c;rosidl_typesupport_introspection_c
[0.646s] -- Found rosidl_adapter: 1.2.1 (/opt/ros/foxy/share/rosidl_adapter/cmake)
[1.563s] -- Using all available rosidl_typesupport_cpp: rosidl_typesupport_fastrtps_cpp;rosidl_typesupport_introspection_cpp
[1.618s] -- Found rmw_implementation_cmake: 1.0.3 (/opt/ros/foxy/share/rmw_implementation_cmake/cmake)
[1.622s] -- Using RMW implementation 'rmw_fastrtps_cpp' as default
[1.773s] -- Found sensor_msgs: 2.0.4 (/opt/ros/foxy/share/sensor_msgs/cmake)
[1.898s] -- Found ament_lint_auto: 0.9.6 (/opt/ros/foxy/share/ament_lint_auto/cmake)
[2.031s] -- Added test 'copyright' to check source files copyright and LICENSE
[2.369s] -- Added test 'cppcheck' to perform static code analysis on C / C++ code
[2.370s] -- Configured cppcheck include dirs: 
[2.370s] -- Configured cppcheck exclude dirs and/or files: 
[2.645s] -- Added test 'cpplint' to check C / C++ code against the Google style
[2.645s] -- Configured cpplint exclude dirs and/or files: 
[2.680s] -- Added test 'flake8' to check Python code syntax and style conventions
[2.775s] -- Added test 'lint_cmake' to check CMake code style
[2.810s] -- Added test 'pep257' to check Python code against some of the style conventions in PEP 257
[3.117s] -- Added test 'uncrustify' to check C / C++ code style
[3.118s] -- Configured uncrustify additional arguments: 
[3.154s] -- Added test 'xmllint' to check XML markup files
[3.177s] -- Configuring done
[3.305s] -- Generating done
[3.414s] -- Build files have been written to: /home/alumnos/alejo/colcon_ws/src/follow-wall-roboros/build/follow-wall
[3.509s] [ 50%] [32mBuilding CXX object CMakeFiles/calculate_direction.dir/src/calculate_direction.cpp.o[0m
[3.619s] [01m[K/home/alumnos/alejo/colcon_ws/src/follow-wall-roboros/src/calculate_direction.cpp:2:10:[m[K [01;31m[Kfatal error: [m[Ksensor_msgs/msg/laserscan.hpp: No such file or directory
[3.619s]     2 | #include [01;31m[K"sensor_msgs/msg/laserscan.hpp"[m[K
[3.619s]       |          [01;31m[K^~~~~~~~~~~~~~~~~~~~~~~~~~~~~~~[m[K
[3.619s] compilation terminated.
[3.620s] make[2]: *** [CMakeFiles/calculate_direction.dir/build.make:63: CMakeFiles/calculate_direction.dir/src/calculate_direction.cpp.o] Error 1
[3.621s] make[1]: *** [CMakeFiles/Makefile2:78: CMakeFiles/calculate_direction.dir/all] Error 2
[3.621s] make: *** [Makefile:141: all] Error 2
[3.622s] Invoked command in '/home/alumnos/alejo/colcon_ws/src/follow-wall-roboros/build/follow-wall' returned '2': CMAKE_PREFIX_PATH=${CMAKE_PREFIX_PATH}:/home/alumnos/alejo/colcon_ws/install/ros2controlcli:/home/alumnos/alejo/colcon_ws/install/launch_pal:/home/alumnos/alejo/colcon_ws/install/intro_py_ros2:/opt/ros/foxy /usr/bin/cmake --build /home/alumnos/alejo/colcon_ws/src/follow-wall-roboros/build/follow-wall -- -j6 -l6
