[0.098s] Invoking command in '/home/alumnos/acmp/colcon_ws/src/follow-wall-roboros/build/follow-wall': CMAKE_PREFIX_PATH=${CMAKE_PREFIX_PATH}:/home/alumnos/acmp/colcon_ws/install/ros2controlcli:/home/alumnos/acmp/colcon_ws/install/launch_pal:/home/alumnos/acmp/colcon_ws/install/intro_py_ros2:/opt/ros/foxy /usr/bin/cmake --build /home/alumnos/acmp/colcon_ws/src/follow-wall-roboros/build/follow-wall -- -j4 -l4
[0.204s] [35m[1mScanning dependencies of target follow_wall_lifecycle[0m
[0.232s] [ 30%] Built target gtest
[0.238s] [ 40%] Built target gtest_main
[0.256s] make[2]: AtenciÃ³n: El archivo 'CMakeFiles/follow_wall_lifecycle.dir/depend.make' tiene una hora de modificaciÃ³n 0,075 s en el futuro
[0.276s] [ 50%] [32mBuilding CXX object CMakeFiles/follow_wall_lifecycle.dir/src/follow_wall_lifecycle/follow_wall_lifecycle.cpp.o[0m
[1.505s] In file included from [01m[K/home/alumnos/acmp/colcon_ws/src/follow-wall-roboros/src/follow_wall_lifecycle/follow_wall_lifecycle.cpp:15[m[K:
[1.506s] [01m[K/home/alumnos/acmp/colcon_ws/src/follow-wall-roboros/include/follow_wall_lifecycle/follow_wall_lifecycle.hpp:75:51:[m[K [01;31m[Kerror: [m[Ktemplate argument 1 is invalid
[1.506s]    75 |     rclcpp::Subscription<sensor_msgs/msg/LaserScan[01;31m[K>[m[K::SharedPtr lasersub_;
[1.506s]       |                                                   [01;31m[K^[m[K
[1.506s] [01m[K/home/alumnos/acmp/colcon_ws/src/follow-wall-roboros/include/follow_wall_lifecycle/follow_wall_lifecycle.hpp:75:51:[m[K [01;31m[Kerror: [m[Ktemplate argument 3 is invalid
[1.507s] [01m[K/home/alumnos/acmp/colcon_ws/src/follow-wall-roboros/include/follow_wall_lifecycle/follow_wall_lifecycle.hpp:75:54:[m[K [01;31m[Kerror: [m[Kexpected â€˜[01m[K;[m[Kâ€™ at end of member declaration
[1.507s]    75 |     rclcpp::Subscription<sensor_msgs/msg/LaserScan>::[01;31m[KSharedPtr[m[K lasersub_;
[1.507s]       |                                                      [01;31m[K^~~~~~~~~[m[K
[1.507s]       |                                                               [32m[K;[m[K
[1.507s] [01m[K/home/alumnos/acmp/colcon_ws/src/follow-wall-roboros/include/follow_wall_lifecycle/follow_wall_lifecycle.hpp:75:64:[m[K [01;31m[Kerror: [m[Kâ€˜[01m[Klasersub_[m[Kâ€™ does not name a type
[1.507s]    75 |     rclcpp::Subscription<sensor_msgs/msg/LaserScan>::SharedPtr [01;31m[Klasersub_[m[K;
[1.508s]       |                                                                [01;31m[K^~~~~~~~~[m[K
[1.512s] [01m[K/home/alumnos/acmp/colcon_ws/src/follow-wall-roboros/src/follow_wall_lifecycle/follow_wall_lifecycle.cpp:[m[K In constructor â€˜[01m[KLCNcalc_dir::LCNcalc_dir()[m[Kâ€™:
[1.513s] [01m[K/home/alumnos/acmp/colcon_ws/src/follow-wall-roboros/src/follow_wall_lifecycle/follow_wall_lifecycle.cpp:43:5:[m[K [01;31m[Kerror: [m[Kâ€˜[01m[Klasersub_[m[Kâ€™ was not declared in this scope
[1.513s]    43 |     [01;31m[Klasersub_[m[K = create_subscription<sensor_msgs/msg/LaserScan>(
[1.513s]       |     [01;31m[K^~~~~~~~~[m[K
[1.513s] [01m[K/home/alumnos/acmp/colcon_ws/src/follow-wall-roboros/src/follow_wall_lifecycle/follow_wall_lifecycle.cpp:43:17:[m[K [01;31m[Kerror: [m[Kparse error in template argument list
[1.513s]    43 |     lasersub_ = [01;31m[Kcreate_subscription<sensor_msgs/msg/LaserScan>[m[K(
[1.513s]       |                 [01;31m[K^~~~~~~~~~~~~~~~~~~~~~~~~~~~~~~~~~~~~~~~~~~~~~[m[K
[1.519s] [01m[K/home/alumnos/acmp/colcon_ws/src/follow-wall-roboros/src/follow_wall_lifecycle/follow_wall_lifecycle.cpp:44:66:[m[K [01;31m[Kerror: [m[Kno matching function for call to â€˜[01m[KLCNcalc_dir::create_subscription<<expression error> >(const char [9], int, std::_Bind_helper<false, void (LCNcalc_dir::*)(std::shared_ptr<sensor_msgs::msg::LaserScan_<std::allocator<void> > >), LCNcalc_dir*, const std::_Placeholder<1>&>::type)[m[Kâ€™
[1.519s]    44 |       "scan_raw", 10, std::bind(&LCNcalc_dir::callback, this, _1)[01;31m[K)[m[K;
[1.519s]       |                                                                  [01;31m[K^[m[K
[1.519s] In file included from [01m[K/home/alumnos/acmp/colcon_ws/src/follow-wall-roboros/include/follow_wall_lifecycle/follow_wall_lifecycle.hpp:24[m[K,
[1.520s]                  from [01m[K/home/alumnos/acmp/colcon_ws/src/follow-wall-roboros/src/follow_wall_lifecycle/follow_wall_lifecycle.cpp:15[m[K:
[1.520s] [01m[K/opt/ros/foxy/include/rclcpp_lifecycle/lifecycle_node.hpp:230:3:[m[K [01;36m[Knote: [m[Kcandidate: â€˜[01m[Ktemplate<class MessageT, class CallbackT, class AllocatorT, class CallbackMessageT, class SubscriptionT, class MessageMemoryStrategyT> std::shared_ptr<SubscriptionT> rclcpp_lifecycle::LifecycleNode::create_subscription(const string&, const rclcpp::QoS&, CallbackT&&, const rclcpp::SubscriptionOptionsWithAllocator<AllocatorT>&, typename MessageMemoryStrategyT::SharedPtr)[m[Kâ€™
[1.520s]   230 |   [01;36m[Kcreate_subscription[m[K(
[1.520s]       |   [01;36m[K^~~~~~~~~~~~~~~~~~~[m[K
[1.520s] [01m[K/opt/ros/foxy/include/rclcpp_lifecycle/lifecycle_node.hpp:230:3:[m[K [01;36m[Knote: [m[K  template argument deduction/substitution failed:
[1.520s] [01m[K/home/alumnos/acmp/colcon_ws/src/follow-wall-roboros/src/follow_wall_lifecycle/follow_wall_lifecycle.cpp:44:66:[m[K [01;31m[Kerror: [m[Ktemplate argument 1 is invalid
[1.521s]    44 |       "scan_raw", 10, std::bind(&LCNcalc_dir::callback, this, _1)[01;31m[K)[m[K;
[1.521s]       |                                                                  [01;31m[K^[m[K
[1.529s] [01m[K/home/alumnos/acmp/colcon_ws/src/follow-wall-roboros/src/follow_wall_lifecycle/follow_wall_lifecycle.cpp:[m[K At global scope:
[1.529s] [01m[K/home/alumnos/acmp/colcon_ws/src/follow-wall-roboros/src/follow_wall_lifecycle/follow_wall_lifecycle.cpp:100:6:[m[K [01;31m[Kerror: [m[Kno declaration matches â€˜[01m[Kvoid LCNcalc_dir::callback(sensor_msgs::msg::LaserScan_<std::allocator<void> >::SharedPtr) const[m[Kâ€™
[1.529s]   100 | void [01;31m[KLCNcalc_dir[m[K::callback(const sensor_msgs::msg::LaserScan::SharedPtr msg) const
[1.529s]       |      [01;31m[K^~~~~~~~~~~[m[K
[1.529s] In file included from [01m[K/home/alumnos/acmp/colcon_ws/src/follow-wall-roboros/src/follow_wall_lifecycle/follow_wall_lifecycle.cpp:15[m[K:
[1.534s] [01m[K/home/alumnos/acmp/colcon_ws/src/follow-wall-roboros/include/follow_wall_lifecycle/follow_wall_lifecycle.hpp:89:8:[m[K [01;36m[Knote: [m[Kcandidate is: â€˜[01m[Kvoid LCNcalc_dir::callback(sensor_msgs::msg::LaserScan_<std::allocator<void> >::SharedPtr)[m[Kâ€™
[1.534s]    89 |   void [01;36m[Kcallback[m[K(const sensor_msgs::msg::LaserScan::SharedPtr msg);
[1.534s]       |        [01;36m[K^~~~~~~~[m[K
[1.534s] [01m[K/home/alumnos/acmp/colcon_ws/src/follow-wall-roboros/include/follow_wall_lifecycle/follow_wall_lifecycle.hpp:67:7:[m[K [01;36m[Knote: [m[Kâ€˜[01m[Kclass LCNcalc_dir[m[Kâ€™ defined here
[1.534s]    67 | class [01;36m[KLCNcalc_dir[m[K : public rclcpp_lifecycle::LifecycleNode
[1.534s]       |       [01;36m[K^~~~~~~~~~~[m[K
[2.332s] make[2]: *** [CMakeFiles/follow_wall_lifecycle.dir/build.make:63: CMakeFiles/follow_wall_lifecycle.dir/src/follow_wall_lifecycle/follow_wall_lifecycle.cpp.o] Error 1
[2.333s] make[1]: *** [CMakeFiles/Makefile2:148: CMakeFiles/follow_wall_lifecycle.dir/all] Error 2
[2.333s] make: *** [Makefile:141: all] Error 2
[2.335s] Invoked command in '/home/alumnos/acmp/colcon_ws/src/follow-wall-roboros/build/follow-wall' returned '2': CMAKE_PREFIX_PATH=${CMAKE_PREFIX_PATH}:/home/alumnos/acmp/colcon_ws/install/ros2controlcli:/home/alumnos/acmp/colcon_ws/install/launch_pal:/home/alumnos/acmp/colcon_ws/install/intro_py_ros2:/opt/ros/foxy /usr/bin/cmake --build /home/alumnos/acmp/colcon_ws/src/follow-wall-roboros/build/follow-wall -- -j4 -l4
