[0.123s] Invoking command in '/home/alumnos/acmp/colcon_ws/src/follow-wall-roboros/build/follow-wall': CMAKE_PREFIX_PATH=${CMAKE_PREFIX_PATH}:/home/alumnos/acmp/colcon_ws/install/ros2controlcli:/home/alumnos/acmp/colcon_ws/install/launch_pal:/home/alumnos/acmp/colcon_ws/install/intro_py_ros2:/opt/ros/foxy /usr/bin/cmake --build /home/alumnos/acmp/colcon_ws/src/follow-wall-roboros/build/follow-wall -- -j6 -l6
[0.342s] [35m[1mScanning dependencies of target engine_node[0m
[0.374s] [ 50%] Built target calculate_direction
[0.492s] [ 75%] [32mBuilding CXX object CMakeFiles/engine_node.dir/src/follow-wall/engine_node.cpp.o[0m
[0.588s] [01m[K/home/alumnos/acmp/colcon_ws/src/follow-wall-roboros/src/follow-wall/engine_node.cpp:97:37:[m[K [01;31m[Kerror: [m[Kstray â€˜[01m[K\[m[Kâ€™ in program
[0.591s]    97 |     int iterations_per_size=areasize[01;31m[K\[m[Krad2degr(msg.angle_increment);
[0.591s]       |                                     [01;31m[K^[m[K
[1.583s] [01m[K/home/alumnos/acmp/colcon_ws/src/follow-wall-roboros/src/follow-wall/engine_node.cpp:65:49:[m[K [01;31m[Kerror: [m[Ktemplate argument 1 is invalid
[1.586s]    65 |   rclcpp::Subscription<sensor_msgs/msg/LaserScan[01;31m[K>[m[K::SharedPtr lasersub_;
[1.586s]       |                                                 [01;31m[K^[m[K
[1.586s] [01m[K/home/alumnos/acmp/colcon_ws/src/follow-wall-roboros/src/follow-wall/engine_node.cpp:65:49:[m[K [01;31m[Kerror: [m[Ktemplate argument 3 is invalid
[1.586s] [01m[K/home/alumnos/acmp/colcon_ws/src/follow-wall-roboros/src/follow-wall/engine_node.cpp:65:52:[m[K [01;31m[Kerror: [m[Kexpected â€˜[01m[K;[m[Kâ€™ at end of member declaration
[1.587s]    65 |   rclcpp::Subscription<sensor_msgs/msg/LaserScan>::[01;31m[KSharedPtr[m[K lasersub_;
[1.587s]       |                                                    [01;31m[K^~~~~~~~~[m[K
[1.588s]       |                                                             [32m[K;[m[K
[1.588s] [01m[K/home/alumnos/acmp/colcon_ws/src/follow-wall-roboros/src/follow-wall/engine_node.cpp:65:62:[m[K [01;31m[Kerror: [m[Kâ€˜[01m[Klasersub_[m[Kâ€™ does not name a type
[1.588s]    65 |   rclcpp::Subscription<sensor_msgs/msg/LaserScan>::SharedPtr [01;31m[Klasersub_[m[K;
[1.588s]       |                                                              [01;31m[K^~~~~~~~~[m[K
[1.588s] [01m[K/home/alumnos/acmp/colcon_ws/src/follow-wall-roboros/src/follow-wall/engine_node.cpp:66:44:[m[K [01;31m[Kerror: [m[Ktemplate argument 1 is invalid
[1.588s]    66 |   rclcpp::Publisher<geometry_msgs/msg/Twist[01;31m[K>[m[K::SharedPtr pub_;
[1.589s]       |                                            [01;31m[K^[m[K
[1.589s] [01m[K/home/alumnos/acmp/colcon_ws/src/follow-wall-roboros/src/follow-wall/engine_node.cpp:66:47:[m[K [01;31m[Kerror: [m[Kexpected â€˜[01m[K;[m[Kâ€™ at end of member declaration
[1.589s]    66 |   rclcpp::Publisher<geometry_msgs/msg/Twist>::[01;31m[KSharedPtr[m[K pub_;
[1.589s]       |                                               [01;31m[K^~~~~~~~~[m[K
[1.594s]       |                                                        [32m[K;[m[K
[1.595s] [01m[K/home/alumnos/acmp/colcon_ws/src/follow-wall-roboros/src/follow-wall/engine_node.cpp:66:47:[m[K [01;31m[Kerror: [m[Kredeclaration of â€˜[01m[Kint EngineNode::SharedPtr[m[Kâ€™
[1.595s] [01m[K/home/alumnos/acmp/colcon_ws/src/follow-wall-roboros/src/follow-wall/engine_node.cpp:65:52:[m[K [01;36m[Knote: [m[Kprevious declaration â€˜[01m[Kint EngineNode::SharedPtr[m[Kâ€™
[1.595s]    65 |   rclcpp::Subscription<sensor_msgs/msg/LaserScan>::[01;36m[KSharedPtr[m[K lasersub_;
[1.595s]       |                                                    [01;36m[K^~~~~~~~~[m[K
[1.595s] [01m[K/home/alumnos/acmp/colcon_ws/src/follow-wall-roboros/src/follow-wall/engine_node.cpp:66:57:[m[K [01;31m[Kerror: [m[Kâ€˜[01m[Kpub_[m[Kâ€™ does not name a type
[1.598s]    66 |   rclcpp::Publisher<geometry_msgs/msg/Twist>::SharedPtr [01;31m[Kpub_[m[K;
[1.598s]       |                                                         [01;31m[K^~~~[m[K
[1.598s] [01m[K/home/alumnos/acmp/colcon_ws/src/follow-wall-roboros/src/follow-wall/engine_node.cpp:[m[K In constructor â€˜[01m[KEngineNode::EngineNode()[m[Kâ€™:
[1.599s] [01m[K/home/alumnos/acmp/colcon_ws/src/follow-wall-roboros/src/follow-wall/engine_node.cpp:39:5:[m[K [01;31m[Kerror: [m[Kclass â€˜[01m[KEngineNode[m[Kâ€™ does not have any field named â€˜[01m[Kcounter[m[Kâ€™
[1.599s]    39 |     [01;31m[Kcounter[m[K(0)
[1.599s]       |     [01;31m[K^~~~~~~[m[K
[1.599s] [01m[K/home/alumnos/acmp/colcon_ws/src/follow-wall-roboros/src/follow-wall/engine_node.cpp:42:5:[m[K [01;31m[Kerror: [m[Kâ€˜[01m[Kpub_[m[Kâ€™ was not declared in this scope
[1.602s]    42 |     [01;31m[Kpub_[m[K = create_publisher<geometry_msgs/msg/Twist>("mobile_base_controller/cmd_vel_unstamped", 10);
[1.602s]       |     [01;31m[K^~~~[m[K
[1.602s] [01m[K/home/alumnos/acmp/colcon_ws/src/follow-wall-roboros/src/follow-wall/engine_node.cpp:42:12:[m[K [01;31m[Kerror: [m[Kparse error in template argument list
[1.602s]    42 |     pub_ = [01;31m[Kcreate_publisher<geometry_msgs/msg/Twist>[m[K("mobile_base_controller/cmd_vel_unstamped", 10);
[1.603s]       |            [01;31m[K^~~~~~~~~~~~~~~~~~~~~~~~~~~~~~~~~~~~~~~~~[m[K
[1.603s] [01m[K/home/alumnos/acmp/colcon_ws/src/follow-wall-roboros/src/follow-wall/engine_node.cpp:42:100:[m[K [01;31m[Kerror: [m[Kno matching function for call to â€˜[01m[KEngineNode::create_publisher<<expression error> >(const char [41], int)[m[Kâ€™
[1.603s]    42 |     pub_ = create_publisher<geometry_msgs/msg/Twist>("mobile_base_controller/cmd_vel_unstamped", 10[01;31m[K)[m[K;
[1.603s]       |                                                                                                    [01;31m[K^[m[K
[1.603s] In file included from [01m[K/opt/ros/foxy/include/rclcpp/executors/single_threaded_executor.hpp:28[m[K,
[1.607s]                  from [01m[K/opt/ros/foxy/include/rclcpp/executors.hpp:22[m[K,
[1.607s]                  from [01m[K/opt/ros/foxy/include/rclcpp/rclcpp.hpp:146[m[K,
[1.607s]                  from [01m[K/home/alumnos/acmp/colcon_ws/src/follow-wall-roboros/src/follow-wall/engine_node.cpp:17[m[K:
[1.607s] [01m[K/opt/ros/foxy/include/rclcpp/node.hpp:184:3:[m[K [01;36m[Knote: [m[Kcandidate: â€˜[01m[Ktemplate<class MessageT, class AllocatorT, class PublisherT> std::shared_ptr<PublisherT> rclcpp::Node::create_publisher(const string&, const rclcpp::QoS&, const rclcpp::PublisherOptionsWithAllocator<AllocatorT>&)[m[Kâ€™
[1.608s]   184 |   [01;36m[Kcreate_publisher[m[K(
[1.608s]       |   [01;36m[K^~~~~~~~~~~~~~~~[m[K
[1.608s] [01m[K/opt/ros/foxy/include/rclcpp/node.hpp:184:3:[m[K [01;36m[Knote: [m[K  template argument deduction/substitution failed:
[1.609s] [01m[K/home/alumnos/acmp/colcon_ws/src/follow-wall-roboros/src/follow-wall/engine_node.cpp:42:100:[m[K [01;31m[Kerror: [m[Ktemplate argument 1 is invalid
[1.609s]    42 |     pub_ = create_publisher<geometry_msgs/msg/Twist>("mobile_base_controller/cmd_vel_unstamped", 10[01;31m[K)[m[K;
[1.609s]       |                                                                                                    [01;31m[K^[m[K
[1.609s] [01m[K/home/alumnos/acmp/colcon_ws/src/follow-wall-roboros/src/follow-wall/engine_node.cpp:45:5:[m[K [01;31m[Kerror: [m[Kâ€˜[01m[Klasersub_[m[Kâ€™ was not declared in this scope
[1.609s]    45 |     [01;31m[Klasersub_[m[K = create_subscription<sensor_msgs/msg/LaserScan>(
[1.610s]       |     [01;31m[K^~~~~~~~~[m[K
[1.610s] [01m[K/home/alumnos/acmp/colcon_ws/src/follow-wall-roboros/src/follow-wall/engine_node.cpp:45:17:[m[K [01;31m[Kerror: [m[Kparse error in template argument list
[1.610s]    45 |     lasersub_ = [01;31m[Kcreate_subscription<sensor_msgs/msg/LaserScan>[m[K(
[1.610s]       |                 [01;31m[K^~~~~~~~~~~~~~~~~~~~~~~~~~~~~~~~~~~~~~~~~~~~~~[m[K
[1.610s] [01m[K/home/alumnos/acmp/colcon_ws/src/follow-wall-roboros/src/follow-wall/engine_node.cpp:46:62:[m[K [01;31m[Kerror: [m[Kâ€˜[01m[K_1[m[Kâ€™ was not declared in this scope; did you mean â€˜[01m[Kstd::placeholders::_1[m[Kâ€™?
[1.610s]    46 |       "scan_raw", 10, std::bind(&EngineNode::callback, this, [01;31m[K_1[m[K));
[1.618s]       |                                                              [01;31m[K^~[m[K
[1.619s]       |                                                              [32m[Kstd::placeholders::_1[m[K
[1.619s] In file included from [01m[K/usr/include/c++/9/pstl/glue_algorithm_defs.h:13[m[K,
[1.619s]                  from [01m[K/usr/include/c++/9/algorithm:71[m[K,
[1.619s]                  from [01m[K/opt/ros/foxy/include/rclcpp/executor.hpp:18[m[K,
[1.623s]                  from [01m[K/opt/ros/foxy/include/rclcpp/executors/multi_threaded_executor.hpp:26[m[K,
[1.623s]                  from [01m[K/opt/ros/foxy/include/rclcpp/executors.hpp:21[m[K,
[1.623s]                  from [01m[K/opt/ros/foxy/include/rclcpp/rclcpp.hpp:146[m[K,
[1.623s]                  from [01m[K/home/alumnos/acmp/colcon_ws/src/follow-wall-roboros/src/follow-wall/engine_node.cpp:17[m[K:
[1.624s] [01m[K/usr/include/c++/9/functional:211:34:[m[K [01;36m[Knote: [m[Kâ€˜[01m[Kstd::placeholders::_1[m[Kâ€™ declared here
[1.624s]   211 |     extern const _Placeholder<1> [01;36m[K_1[m[K;
[1.624s]       |                                  [01;36m[K^~[m[K
[1.625s] [01m[K/home/alumnos/acmp/colcon_ws/src/follow-wall-roboros/src/follow-wall/engine_node.cpp:[m[K In member function â€˜[01m[Kvoid EngineNode::doWork()[m[Kâ€™:
[1.625s] [01m[K/home/alumnos/acmp/colcon_ws/src/follow-wall-roboros/src/follow-wall/engine_node.cpp:54:23:[m[K [01;31m[Kerror: [m[Kâ€˜[01m[KVector3[m[Kâ€™ was not declared in this scope; did you mean â€˜[01m[Kgeometry_msgs::msg::Vector3[m[Kâ€™?
[1.625s]    54 |     directions.linear=[01;31m[KVector3[m[K(1.4,3,0);
[1.625s]       |                       [01;31m[K^~~~~~~[m[K
[1.625s]       |                       [32m[Kgeometry_msgs::msg::Vector3[m[K
[1.625s] In file included from [01m[K/opt/ros/foxy/include/geometry_msgs/msg/detail/twist__struct.hpp:20[m[K,
[1.625s]                  from [01m[K/opt/ros/foxy/include/geometry_msgs/msg/twist.hpp:7[m[K,
[1.626s]                  from [01m[K/home/alumnos/acmp/colcon_ws/src/follow-wall-roboros/src/follow-wall/engine_node.cpp:20[m[K:
[1.626s] [01m[K/opt/ros/foxy/include/geometry_msgs/msg/detail/vector3__struct.hpp:149:7:[m[K [01;36m[Knote: [m[Kâ€˜[01m[Kgeometry_msgs::msg::Vector3[m[Kâ€™ declared here
[1.626s]   149 | using [01;36m[KVector3[m[K =
[1.626s]       |       [01;36m[K^~~~~~~[m[K
[1.636s] In file included from [01m[K/opt/ros/foxy/include/rclcpp/service.hpp:34[m[K,
[1.636s]                  from [01m[K/opt/ros/foxy/include/rclcpp/callback_group.hpp:25[m[K,
[1.636s]                  from [01m[K/opt/ros/foxy/include/rclcpp/any_executable.hpp:20[m[K,
[1.636s]                  from [01m[K/opt/ros/foxy/include/rclcpp/memory_strategy.hpp:24[m[K,
[1.637s]                  from [01m[K/opt/ros/foxy/include/rclcpp/memory_strategies.hpp:18[m[K,
[1.637s]                  from [01m[K/opt/ros/foxy/include/rclcpp/executor_options.hpp:20[m[K,
[1.640s]                  from [01m[K/opt/ros/foxy/include/rclcpp/executor.hpp:33[m[K,
[1.640s]                  from [01m[K/opt/ros/foxy/include/rclcpp/executors/multi_threaded_executor.hpp:26[m[K,
[1.640s]                  from [01m[K/opt/ros/foxy/include/rclcpp/executors.hpp:21[m[K,
[1.640s]                  from [01m[K/opt/ros/foxy/include/rclcpp/rclcpp.hpp:146[m[K,
[1.641s]                  from [01m[K/home/alumnos/acmp/colcon_ws/src/follow-wall-roboros/src/follow-wall/engine_node.cpp:17[m[K:
[1.641s] [01m[K/home/alumnos/acmp/colcon_ws/src/follow-wall-roboros/src/follow-wall/engine_node.cpp:57:5:[m[K [01;31m[Kerror: [m[Kstatic assertion failed: First argument to logging macros must be an rclcpp::Logger
[1.647s]    57 |     [01;31m[KRCLCPP_INFO[m[K("Publishing direction V:[%f] direction W:[%f]" , directions.V,directions.W);
[1.647s]       |     [01;31m[K^~~~~~~~~~~[m[K
[1.647s] In file included from [01m[K/opt/ros/foxy/include/rclcpp/client.hpp:40[m[K,
[1.647s]                  from [01m[K/opt/ros/foxy/include/rclcpp/callback_group.hpp:23[m[K,
[1.651s]                  from [01m[K/opt/ros/foxy/include/rclcpp/any_executable.hpp:20[m[K,
[1.651s]                  from [01m[K/opt/ros/foxy/include/rclcpp/memory_strategy.hpp:24[m[K,
[1.651s]                  from [01m[K/opt/ros/foxy/include/rclcpp/memory_strategies.hpp:18[m[K,
[1.651s]                  from [01m[K/opt/ros/foxy/include/rclcpp/executor_options.hpp:20[m[K,
[1.652s]                  from [01m[K/opt/ros/foxy/include/rclcpp/executor.hpp:33[m[K,
[1.652s]                  from [01m[K/opt/ros/foxy/include/rclcpp/executors/multi_threaded_executor.hpp:26[m[K,
[1.652s]                  from [01m[K/opt/ros/foxy/include/rclcpp/executors.hpp:21[m[K,
[1.653s]                  from [01m[K/opt/ros/foxy/include/rclcpp/rclcpp.hpp:146[m[K,
[1.653s]                  from [01m[K/home/alumnos/acmp/colcon_ws/src/follow-wall-roboros/src/follow-wall/engine_node.cpp:17[m[K:
[1.653s] [01m[K/home/alumnos/acmp/colcon_ws/src/follow-wall-roboros/src/follow-wall/engine_node.cpp:57:5:[m[K [01;31m[Kerror: [m[Krequest for member â€˜[01m[Kget_name[m[Kâ€™ in â€˜[01m[K"Publishing direction V:[%f] direction W:[%f]"[m[Kâ€™, which is of non-class type â€˜[01m[Kconst char [45][m[Kâ€™
[1.653s]    57 |     [01;31m[KRCLCPP_INFO[m[K("Publishing direction V:[%f] direction W:[%f]" , directions.V,directions.W);
[1.654s]       |     [01;31m[K^~~~~~~~~~~[m[K
[1.654s] [01m[K/home/alumnos/acmp/colcon_ws/src/follow-wall-roboros/src/follow-wall/engine_node.cpp:57:5:[m[K [01;31m[Kerror: [m[Krequest for member â€˜[01m[Kget_name[m[Kâ€™ in â€˜[01m[K"Publishing direction V:[%f] direction W:[%f]"[m[Kâ€™, which is of non-class type â€˜[01m[Kconst char [45][m[Kâ€™
[1.654s]    57 |     [01;31m[KRCLCPP_INFO[m[K("Publishing direction V:[%f] direction W:[%f]" , directions.V,directions.W);
[1.654s]       |     [01;31m[K^~~~~~~~~~~[m[K
[1.660s] [01m[K/home/alumnos/acmp/colcon_ws/src/follow-wall-roboros/src/follow-wall/engine_node.cpp:57:77:[m[K [01;31m[Kerror: [m[Kâ€˜[01m[Kusing Twist = struct geometry_msgs::msg::Twist_<std::allocator<void> >[m[Kâ€™ {aka â€˜[01m[Kstruct geometry_msgs::msg::Twist_<std::allocator<void> >[m[Kâ€™} has no member named â€˜[01m[KV[m[Kâ€™
[1.660s]    57 |     RCLCPP_INFO("Publishing direction V:[%f] direction W:[%f]" , directions.[01;31m[KV[m[K,directions.W);
[1.660s]       |                                                                             [01;31m[K^[m[K
[1.660s] [01m[K/home/alumnos/acmp/colcon_ws/src/follow-wall-roboros/src/follow-wall/engine_node.cpp:57:90:[m[K [01;31m[Kerror: [m[Kâ€˜[01m[Kusing Twist = struct geometry_msgs::msg::Twist_<std::allocator<void> >[m[Kâ€™ {aka â€˜[01m[Kstruct geometry_msgs::msg::Twist_<std::allocator<void> >[m[Kâ€™} has no member named â€˜[01m[KW[m[Kâ€™
[1.660s]    57 |     RCLCPP_INFO("Publishing direction V:[%f] direction W:[%f]" , directions.V,directions.[01;31m[KW[m[K);
[1.663s]       |                                                                                          [01;31m[K^[m[K
[1.663s] [01m[K/home/alumnos/acmp/colcon_ws/src/follow-wall-roboros/src/follow-wall/engine_node.cpp:61:5:[m[K [01;31m[Kerror: [m[Kâ€˜[01m[Kpub_[m[Kâ€™ was not declared in this scope
[1.663s]    61 |     [01;31m[Kpub_[m[K->publish(directions);
[1.663s]       |     [01;31m[K^~~~[m[K
[1.664s] In file included from [01m[K/opt/ros/foxy/include/rclcpp/service.hpp:34[m[K,
[1.664s]                  from [01m[K/opt/ros/foxy/include/rclcpp/callback_group.hpp:25[m[K,
[1.664s]                  from [01m[K/opt/ros/foxy/include/rclcpp/any_executable.hpp:20[m[K,
[1.664s]                  from [01m[K/opt/ros/foxy/include/rclcpp/memory_strategy.hpp:24[m[K,
[1.673s]                  from [01m[K/opt/ros/foxy/include/rclcpp/memory_strategies.hpp:18[m[K,
[1.674s]                  from [01m[K/opt/ros/foxy/include/rclcpp/executor_options.hpp:20[m[K,
[1.674s]                  from [01m[K/opt/ros/foxy/include/rclcpp/executor.hpp:33[m[K,
[1.674s]                  from [01m[K/opt/ros/foxy/include/rclcpp/executors/multi_threaded_executor.hpp:26[m[K,
[1.674s]                  from [01m[K/opt/ros/foxy/include/rclcpp/executors.hpp:21[m[K,
[1.679s]                  from [01m[K/opt/ros/foxy/include/rclcpp/rclcpp.hpp:146[m[K,
[1.679s]                  from [01m[K/home/alumnos/acmp/colcon_ws/src/follow-wall-roboros/src/follow-wall/engine_node.cpp:17[m[K:
[1.679s] [01m[K/home/alumnos/acmp/colcon_ws/src/follow-wall-roboros/src/follow-wall/engine_node.cpp:[m[K In member function â€˜[01m[Kvoid EngineNode::callback(sensor_msgs::msg::LaserScan_<std::allocator<void> >::SharedPtr) const[m[Kâ€™:
[1.679s] [01m[K/home/alumnos/acmp/colcon_ws/src/follow-wall-roboros/src/follow-wall/engine_node.cpp:92:5:[m[K [01;31m[Kerror: [m[Kstatic assertion failed: First argument to logging macros must be an rclcpp::Logger
[1.680s]    92 |     [01;31m[KRCLCPP_INFO[m[K("I heard: [%d]",msg);
[1.680s]       |     [01;31m[K^~~~~~~~~~~[m[K
[1.680s] In file included from [01m[K/opt/ros/foxy/include/rclcpp/client.hpp:40[m[K,
[1.681s]                  from [01m[K/opt/ros/foxy/include/rclcpp/callback_group.hpp:23[m[K,
[1.681s]                  from [01m[K/opt/ros/foxy/include/rclcpp/any_executable.hpp:20[m[K,
[1.681s]                  from [01m[K/opt/ros/foxy/include/rclcpp/memory_strategy.hpp:24[m[K,
[1.681s]                  from [01m[K/opt/ros/foxy/include/rclcpp/memory_strategies.hpp:18[m[K,
[1.681s]                  from [01m[K/opt/ros/foxy/include/rclcpp/executor_options.hpp:20[m[K,
[1.681s]                  from [01m[K/opt/ros/foxy/include/rclcpp/executor.hpp:33[m[K,
[1.681s]                  from [01m[K/opt/ros/foxy/include/rclcpp/executors/multi_threaded_executor.hpp:26[m[K,
[1.681s]                  from [01m[K/opt/ros/foxy/include/rclcpp/executors.hpp:21[m[K,
[1.681s]                  from [01m[K/opt/ros/foxy/include/rclcpp/rclcpp.hpp:146[m[K,
[1.681s]                  from [01m[K/home/alumnos/acmp/colcon_ws/src/follow-wall-roboros/src/follow-wall/engine_node.cpp:17[m[K:
[1.682s] [01m[K/home/alumnos/acmp/colcon_ws/src/follow-wall-roboros/src/follow-wall/engine_node.cpp:92:5:[m[K [01;31m[Kerror: [m[Krequest for member â€˜[01m[Kget_name[m[Kâ€™ in â€˜[01m[K"I heard: [%d]"[m[Kâ€™, which is of non-class type â€˜[01m[Kconst char [14][m[Kâ€™
[1.682s]    92 |     [01;31m[KRCLCPP_INFO[m[K("I heard: [%d]",msg);
[1.682s]       |     [01;31m[K^~~~~~~~~~~[m[K
[1.682s] [01m[K/home/alumnos/acmp/colcon_ws/src/follow-wall-roboros/src/follow-wall/engine_node.cpp:92:5:[m[K [01;31m[Kerror: [m[Krequest for member â€˜[01m[Kget_name[m[Kâ€™ in â€˜[01m[K"I heard: [%d]"[m[Kâ€™, which is of non-class type â€˜[01m[Kconst char [14][m[Kâ€™
[1.682s]    92 |     [01;31m[KRCLCPP_INFO[m[K("I heard: [%d]",msg);
[1.683s]       |     [01;31m[K^~~~~~~~~~~[m[K
[1.683s] [01m[K/home/alumnos/acmp/colcon_ws/src/follow-wall-roboros/src/follow-wall/engine_node.cpp:92:5:[m[K [01;31m[Kerror: [m[Kno matching function for call to â€˜[01m[Kget_c_string(const SharedPtr&)[m[Kâ€™
[1.683s]    92 |     [01;31m[KRCLCPP_INFO[m[K("I heard: [%d]",msg);
[1.687s]       |     [01;31m[K^~~~~~~~~~~[m[K
[1.687s] In file included from [01m[K/opt/ros/foxy/include/rclcpp/client.hpp:36[m[K,
[1.687s]                  from [01m[K/opt/ros/foxy/include/rclcpp/callback_group.hpp:23[m[K,
[1.687s]                  from [01m[K/opt/ros/foxy/include/rclcpp/any_executable.hpp:20[m[K,
[1.687s]                  from [01m[K/opt/ros/foxy/include/rclcpp/memory_strategy.hpp:24[m[K,
[1.687s]                  from [01m[K/opt/ros/foxy/include/rclcpp/memory_strategies.hpp:18[m[K,
[1.688s]                  from [01m[K/opt/ros/foxy/include/rclcpp/executor_options.hpp:20[m[K,
[1.688s]                  from [01m[K/opt/ros/foxy/include/rclcpp/executor.hpp:33[m[K,
[1.691s]                  from [01m[K/opt/ros/foxy/include/rclcpp/executors/multi_threaded_executor.hpp:26[m[K,
[1.691s]                  from [01m[K/opt/ros/foxy/include/rclcpp/executors.hpp:21[m[K,
[1.691s]                  from [01m[K/opt/ros/foxy/include/rclcpp/rclcpp.hpp:146[m[K,
[1.691s]                  from [01m[K/home/alumnos/acmp/colcon_ws/src/follow-wall-roboros/src/follow-wall/engine_node.cpp:17[m[K:
[1.692s] [01m[K/opt/ros/foxy/include/rclcpp/utilities.hpp:296:1:[m[K [01;36m[Knote: [m[Kcandidate: â€˜[01m[Kconst char* rclcpp::get_c_string(const char*)[m[Kâ€™
[1.692s]   296 | [01;36m[Kget_c_string[m[K(const char * string_in);
[1.692s]       | [01;36m[K^~~~~~~~~~~~[m[K
[1.692s] [01m[K/opt/ros/foxy/include/rclcpp/utilities.hpp:296:27:[m[K [01;36m[Knote: [m[K  no known conversion for argument 1 from â€˜[01m[Kconst SharedPtr[m[Kâ€™ {aka â€˜[01m[Kconst std::shared_ptr<sensor_msgs::msg::LaserScan_<std::allocator<void> > >[m[Kâ€™} to â€˜[01m[Kconst char*[m[Kâ€™
[1.692s]   296 | get_c_string([01;36m[Kconst char * string_in[m[K);
[1.693s]       |              [01;36m[K~~~~~~~~~~~~~^~~~~~~~~[m[K
[1.693s] [01m[K/opt/ros/foxy/include/rclcpp/utilities.hpp:305:1:[m[K [01;36m[Knote: [m[Kcandidate: â€˜[01m[Kconst char* rclcpp::get_c_string(const string&)[m[Kâ€™
[1.693s]   305 | [01;36m[Kget_c_string[m[K(const std::string & string_in);
[1.693s]       | [01;36m[K^~~~~~~~~~~~[m[K
[1.693s] [01m[K/opt/ros/foxy/include/rclcpp/utilities.hpp:305:34:[m[K [01;36m[Knote: [m[K  no known conversion for argument 1 from â€˜[01m[Kconst SharedPtr[m[Kâ€™ {aka â€˜[01m[Kconst std::shared_ptr<sensor_msgs::msg::LaserScan_<std::allocator<void> > >[m[Kâ€™} to â€˜[01m[Kconst string&[m[Kâ€™ {aka â€˜[01m[Kconst std::__cxx11::basic_string<char>&[m[Kâ€™}
[1.693s]   305 | get_c_string([01;36m[Kconst std::string & string_in[m[K);
[1.701s]       |              [01;36m[K~~~~~~~~~~~~~~~~~~~~^~~~~~~~~[m[K
[1.701s] [01m[K/home/alumnos/acmp/colcon_ws/src/follow-wall-roboros/src/follow-wall/engine_node.cpp:96:32:[m[K [01;31m[Kerror: [m[Kâ€˜[01m[Kconst SharedPtr[m[Kâ€™ {aka â€˜[01m[Kconst class std::shared_ptr<sensor_msgs::msg::LaserScan_<std::allocator<void> > >[m[Kâ€™} has no member named â€˜[01m[Kangle_min[m[Kâ€™
[1.701s]    96 |     int areasize=(rad2degr(msg.[01;31m[Kangle_min[m[K)-rad2degr(msg.angle_max))/LASERPARTITION;
[1.701s]       |                                [01;31m[K^~~~~~~~~[m[K
[1.701s] [01m[K/home/alumnos/acmp/colcon_ws/src/follow-wall-roboros/src/follow-wall/engine_node.cpp:96:56:[m[K [01;31m[Kerror: [m[Kâ€˜[01m[Kconst SharedPtr[m[Kâ€™ {aka â€˜[01m[Kconst class std::shared_ptr<sensor_msgs::msg::LaserScan_<std::allocator<void> > >[m[Kâ€™} has no member named â€˜[01m[Kangle_max[m[Kâ€™
[1.702s]    96 |     int areasize=(rad2degr(msg.angle_min)-rad2degr(msg.[01;31m[Kangle_max[m[K))/LASERPARTITION;
[1.702s]       |                                                        [01;31m[K^~~~~~~~~[m[K
[1.702s] [01m[K/home/alumnos/acmp/colcon_ws/src/follow-wall-roboros/src/follow-wall/engine_node.cpp:97:38:[m[K [01;31m[Kerror: [m[Kexpected â€˜[01m[K,[m[Kâ€™ or â€˜[01m[K;[m[Kâ€™ before â€˜[01m[Krad2degr[m[Kâ€™
[1.702s]    97 |     int iterations_per_size=areasize\[01;31m[Krad2degr[m[K(msg.angle_increment);
[1.702s]       |                                      [01;31m[K^~~~~~~~[m[K
[1.712s] [01m[K/home/alumnos/acmp/colcon_ws/src/follow-wall-roboros/src/follow-wall/engine_node.cpp:99:32:[m[K [01;31m[Kerror: [m[Kâ€˜[01m[Kconst SharedPtr[m[Kâ€™ {aka â€˜[01m[Kconst class std::shared_ptr<sensor_msgs::msg::LaserScan_<std::allocator<void> > >[m[Kâ€™} has no member named â€˜[01m[Krange_max[m[Kâ€™
[1.712s]    99 |     float semicircle_half=(msg.[01;31m[Krange_max[m[K-msg.range_min)/2;
[1.712s]       |                                [01;31m[K^~~~~~~~~[m[K
[1.713s] [01m[K/home/alumnos/acmp/colcon_ws/src/follow-wall-roboros/src/follow-wall/engine_node.cpp:99:46:[m[K [01;31m[Kerror: [m[Kâ€˜[01m[Kconst SharedPtr[m[Kâ€™ {aka â€˜[01m[Kconst class std::shared_ptr<sensor_msgs::msg::LaserScan_<std::allocator<void> > >[m[Kâ€™} has no member named â€˜[01m[Krange_min[m[Kâ€™
[1.713s]    99 |     float semicircle_half=(msg.range_max-msg.[01;31m[Krange_min[m[K)/2;
[1.713s]       |                                              [01;31m[K^~~~~~~~~[m[K
[1.713s] [01m[K/home/alumnos/acmp/colcon_ws/src/follow-wall-roboros/src/follow-wall/engine_node.cpp:101:18:[m[K [01;35m[Kwarning: [m[Kleft operand of comma operator has no effect [[01;35m[K-Wunused-value[m[K]
[1.713s]   101 |     for(int i=0;[01;35m[Ki<LASERPARTITION[m[K,i++){
[1.713s]       |                 [01;35m[K~^~~~~~~~~~~~~~~[m[K
[1.713s] [01m[K/home/alumnos/acmp/colcon_ws/src/follow-wall-roboros/src/follow-wall/engine_node.cpp:101:37:[m[K [01;31m[Kerror: [m[Kexpected â€˜[01m[K;[m[Kâ€™ before â€˜[01m[K)[m[Kâ€™ token
[1.714s]   101 |     for(int i=0;i<LASERPARTITION,i++[01;31m[K)[m[K{
[1.714s]       |                                     [01;31m[K^[m[K
[1.714s]       |                                     [32m[K;[m[K
[1.714s] [01m[K/home/alumnos/acmp/colcon_ws/src/follow-wall-roboros/src/follow-wall/engine_node.cpp:108:12:[m[K [01;31m[Kerror: [m[Kâ€˜[01m[Krange[m[Kâ€™ was not declared in this scope
[1.715s]   108 |         if([01;31m[Krange[m[K[first_zone_range+a]>=msg.range_min && range[first_zone_range+a]<=msg.range_max){
[1.715s]       |            [01;31m[K^~~~~[m[K
[1.715s] [01m[K/home/alumnos/acmp/colcon_ws/src/follow-wall-roboros/src/follow-wall/engine_node.cpp:108:43:[m[K [01;31m[Kerror: [m[Kâ€˜[01m[Kconst SharedPtr[m[Kâ€™ {aka â€˜[01m[Kconst class std::shared_ptr<sensor_msgs::msg::LaserScan_<std::allocator<void> > >[m[Kâ€™} has no member named â€˜[01m[Krange_min[m[Kâ€™
[1.715s]   108 |         if(range[first_zone_range+a]>=msg.[01;31m[Krange_min[m[K && range[first_zone_range+a]<=msg.range_max){
[1.716s]       |                                           [01;31m[K^~~~~~~~~[m[K
[1.716s] [01m[K/home/alumnos/acmp/colcon_ws/src/follow-wall-roboros/src/follow-wall/engine_node.cpp:108:87:[m[K [01;31m[Kerror: [m[Kâ€˜[01m[Kconst SharedPtr[m[Kâ€™ {aka â€˜[01m[Kconst class std::shared_ptr<sensor_msgs::msg::LaserScan_<std::allocator<void> > >[m[Kâ€™} has no member named â€˜[01m[Krange_max[m[Kâ€™
[1.716s]   108 |         if(range[first_zone_range+a]>=msg.range_min && range[first_zone_range+a]<=msg.[01;31m[Krange_max[m[K){
[1.716s]       |                                                                                       [01;31m[K^~~~~~~~~[m[K
[1.895s] make[2]: *** [CMakeFiles/engine_node.dir/build.make:63: CMakeFiles/engine_node.dir/src/follow-wall/engine_node.cpp.o] Error 1
[1.895s] make[1]: *** [CMakeFiles/Makefile2:107: CMakeFiles/engine_node.dir/all] Error 2
[1.895s] make: *** [Makefile:141: all] Error 2
[1.897s] Invoked command in '/home/alumnos/acmp/colcon_ws/src/follow-wall-roboros/build/follow-wall' returned '2': CMAKE_PREFIX_PATH=${CMAKE_PREFIX_PATH}:/home/alumnos/acmp/colcon_ws/install/ros2controlcli:/home/alumnos/acmp/colcon_ws/install/launch_pal:/home/alumnos/acmp/colcon_ws/install/intro_py_ros2:/opt/ros/foxy /usr/bin/cmake --build /home/alumnos/acmp/colcon_ws/src/follow-wall-roboros/build/follow-wall -- -j6 -l6
