[0.094s] Invoking command in '/home/alumnos/alejo/colcon_ws/src/follow-wall-roboros/build/follow-wall': CMAKE_PREFIX_PATH=${CMAKE_PREFIX_PATH}:/home/alumnos/alejo/colcon_ws/install/ros2controlcli:/home/alumnos/alejo/colcon_ws/install/launch_pal:/home/alumnos/alejo/colcon_ws/install/intro_py_ros2:/opt/ros/foxy /usr/bin/cmake --build /home/alumnos/alejo/colcon_ws/src/follow-wall-roboros/build/follow-wall -- -j6 -l6
[0.190s] [35m[1mScanning dependencies of target calculate_direction[0m
[0.257s] [ 50%] [32mBuilding CXX object CMakeFiles/calculate_direction.dir/src/calculate_direction.cpp.o[0m
[0.366s] [01m[K/home/alumnos/alejo/colcon_ws/src/follow-wall-roboros/src/calculate_direction.cpp:2:10:[m[K [01;31m[Kfatal error: [m[Ksensor_msgs/msg/laserscan.hpp: No such file or directory
[0.367s]     2 | #include [01;31m[K"sensor_msgs/msg/laserscan.hpp"[m[K
[0.367s]       |          [01;31m[K^~~~~~~~~~~~~~~~~~~~~~~~~~~~~~~[m[K
[0.367s] compilation terminated.
[0.368s] make[2]: *** [CMakeFiles/calculate_direction.dir/build.make:63: CMakeFiles/calculate_direction.dir/src/calculate_direction.cpp.o] Error 1
[0.368s] make[1]: *** [CMakeFiles/Makefile2:78: CMakeFiles/calculate_direction.dir/all] Error 2
[0.368s] make: *** [Makefile:141: all] Error 2
[0.370s] Invoked command in '/home/alumnos/alejo/colcon_ws/src/follow-wall-roboros/build/follow-wall' returned '2': CMAKE_PREFIX_PATH=${CMAKE_PREFIX_PATH}:/home/alumnos/alejo/colcon_ws/install/ros2controlcli:/home/alumnos/alejo/colcon_ws/install/launch_pal:/home/alumnos/alejo/colcon_ws/install/intro_py_ros2:/opt/ros/foxy /usr/bin/cmake --build /home/alumnos/alejo/colcon_ws/src/follow-wall-roboros/build/follow-wall -- -j6 -l6
