[35m[1mScanning dependencies of target calculate_direction[0m
[ 50%] [32mBuilding CXX object CMakeFiles/calculate_direction.dir/src/calculate_direction.cpp.o[0m
[01m[K/home/alumnos/alejo/colcon_ws/src/follow-wall-roboros/src/calculate_direction.cpp:6:21:[m[K [01;31m[Kerror: [m[Kâ€˜[01m[Ksensor_msgs[m[Kâ€™ does not name a type
    6 | void callback(const [01;31m[Ksensor_msgs[m[K::msg::laserscan::SharedPtr msg)
      |                     [01;31m[K^~~~~~~~~~~[m[K
[01m[K/home/alumnos/alejo/colcon_ws/src/follow-wall-roboros/src/calculate_direction.cpp:6:37:[m[K [01;31m[Kerror: [m[Kexpected unqualified-id before â€˜[01m[K::[m[Kâ€™ token
    6 | nst sensor_msgs::msg[01;31m[K::[m[Klaserscan::SharedPtr msg)
      |                     [01;31m[K^~[m[K

[01m[K/home/alumnos/alejo/colcon_ws/src/follow-wall-roboros/src/calculate_direction.cpp:6:37:[m[K [01;31m[Kerror: [m[Kexpected â€˜[01m[K)[m[Kâ€™ before â€˜[01m[K::[m[Kâ€™ token
    6 | nst sensor_msgs::msg[01;31m[K:[m[K[32m[K:[m[Klaserscan::SharedPtr msg)
      |                     [01;31m[K^[m[K[32m[K~[m[K
      |                     [32m[K)[m[K
[01m[K/home/alumnos/alejo/colcon_ws/src/follow-wall-roboros/src/calculate_direction.cpp:6:37:[m[K [01;31m[Kerror: [m[Kexpected initializer before â€˜[01m[K::[m[Kâ€™ token
    6 | nst sensor_msgs::msg[01;31m[K::[m[Klaserscan::SharedPtr msg)
      |                     [01;31m[K^~[m[K

[01m[K/home/alumnos/alejo/colcon_ws/src/follow-wall-roboros/src/calculate_direction.cpp:[m[K In function â€˜[01m[Kint main(int, char**)[m[Kâ€™:
[01m[K/home/alumnos/alejo/colcon_ws/src/follow-wall-roboros/src/calculate_direction.cpp:16:49:[m[K [01;31m[Kerror: [m[Kâ€˜[01m[Ksensor_msgs[m[Kâ€™ was not declared in this scope
   16 | create_subscription<[01;31m[Ksensor_msgs[m[K::msg::laserscan>(
      |                     [01;31m[K^~~~~~~~~~~[m[K

[01m[K/home/alumnos/alejo/colcon_ws/src/follow-wall-roboros/src/calculate_direction.cpp:16:29:[m[K [01;31m[Kerror: [m[Kparse error in template argument list
   16 | ubscription = node->[01;31m[Kcreate_subscription<sensor_msgs::msg::laserscan>[m[K(
      |                     [01;31m[K^~~~~~~~~~~~~~~~~~~~~~~~~~~~~~~~~~~~~~~~~~~~~~~~[m[K

[01m[K/home/alumnos/alejo/colcon_ws/src/follow-wall-roboros/src/calculate_direction.cpp:17:22:[m[K [01;31m[Kerror: [m[Kâ€˜[01m[Kcallback[m[Kâ€™ was not declared in this scope; did you mean â€˜[01m[Kcalloc[m[Kâ€™?
   17 |     "/scan_raw", 10, [01;31m[Kcallback[m[K);
      |                      [01;31m[K^~~~~~~~[m[K
      |                      [32m[Kcalloc[m[K
make[2]: *** [CMakeFiles/calculate_direction.dir/build.make:63: CMakeFiles/calculate_direction.dir/src/calculate_direction.cpp.o] Error 1
make[1]: *** [CMakeFiles/Makefile2:78: CMakeFiles/calculate_direction.dir/all] Error 2
make: *** [Makefile:141: all] Error 2
