[0.070s] Invoking command in '/home/alumnos/alejo/colcon_ws/src/follow-wall-roboros/build/follow-wall': CMAKE_PREFIX_PATH=${CMAKE_PREFIX_PATH}:/home/alumnos/alejo/colcon_ws/install/ros2controlcli:/home/alumnos/alejo/colcon_ws/install/launch_pal:/home/alumnos/alejo/colcon_ws/install/intro_py_ros2:/opt/ros/foxy /usr/bin/cmake --build /home/alumnos/alejo/colcon_ws/src/follow-wall-roboros/build/follow-wall -- -j6 -l6
[0.183s] [35m[1mScanning dependencies of target calculate_direction[0m
[0.254s] [ 50%] [32mBuilding CXX object CMakeFiles/calculate_direction.dir/src/calculate_direction.cpp.o[0m
[1.924s] [01m[K/home/alumnos/alejo/colcon_ws/src/follow-wall-roboros/src/calculate_direction.cpp:6:39:[m[K [01;31m[Kerror: [m[Kâ€˜[01m[Klaserscan[m[Kâ€™ in namespace â€˜[01m[Ksensor_msgs::msg[m[Kâ€™ does not name a type; did you mean â€˜[01m[KLaserScan[m[Kâ€™?
[1.925s]     6 | t sensor_msgs::msg::[01;31m[Klaserscan[m[K::SharedPtr msg)
[1.925s]       |                     [01;31m[K^~~~~~~~~[m[K
[1.925s]       |                     [32m[KLaserScan[m[K
[1.925s] [01m[K/home/alumnos/alejo/colcon_ws/src/follow-wall-roboros/src/calculate_direction.cpp:6:60:[m[K [01;31m[Kerror: [m[Kexpected unqualified-id before â€˜[01m[Kmsg[m[Kâ€™
[1.925s]     6 | aserscan::SharedPtr [01;31m[Kmsg[m[K)
[1.925s]       |                     [01;31m[K^~~[m[K
[1.926s] 
[1.926s] [01m[K/home/alumnos/alejo/colcon_ws/src/follow-wall-roboros/src/calculate_direction.cpp:6:59:[m[K [01;31m[Kerror: [m[Kexpected â€˜[01m[K)[m[Kâ€™ before â€˜[01m[Kmsg[m[Kâ€™
[1.927s]     6 | laserscan::SharedPtr[01;31m[K [m[K[32m[Kmsg[m[K)
[1.927s]       |                     [01;31m[K^[m[K[32m[K~~~[m[K
[1.927s]       |                     [32m[K)[m[K
[1.927s] [01m[K/home/alumnos/alejo/colcon_ws/src/follow-wall-roboros/src/calculate_direction.cpp:6:60:[m[K [01;31m[Kerror: [m[Kexpected initializer before â€˜[01m[Kmsg[m[Kâ€™
[1.927s]     6 | aserscan::SharedPtr [01;31m[Kmsg[m[K)
[1.927s]       |                     [01;31m[K^~~[m[K
[1.927s] 
[1.928s] [01m[K/home/alumnos/alejo/colcon_ws/src/follow-wall-roboros/src/calculate_direction.cpp:[m[K In function â€˜[01m[Kint main(int, char**)[m[Kâ€™:
[1.928s] [01m[K/home/alumnos/alejo/colcon_ws/src/follow-wall-roboros/src/calculate_direction.cpp:16:67:[m[K [01;31m[Kerror: [m[Kâ€˜[01m[Klaserscan[m[Kâ€™ is not a member of â€˜[01m[Ksensor_msgs::msg[m[Kâ€™; did you mean â€˜[01m[KLaserScan[m[Kâ€™?
[1.928s]    16 | cription<sensor_msgs::msg::[01;31m[Klaserscan[m[K>(
[1.928s]       |                            [01;31m[K^~~~~~~~~[m[K
[1.928s]       |                            [32m[KLaserScan[m[K
[1.928s] [01m[K/home/alumnos/alejo/colcon_ws/src/follow-wall-roboros/src/calculate_direction.cpp:17:22:[m[K [01;31m[Kerror: [m[Kâ€˜[01m[Kcallback[m[Kâ€™ was not declared in this scope; did you mean â€˜[01m[Kcalloc[m[Kâ€™?
[1.928s]    17 |     "/scan_raw", 10, [01;31m[Kcallback[m[K);
[1.929s]       |                      [01;31m[K^~~~~~~~[m[K
[1.929s]       |                      [32m[Kcalloc[m[K
[2.321s] make[2]: *** [CMakeFiles/calculate_direction.dir/build.make:63: CMakeFiles/calculate_direction.dir/src/calculate_direction.cpp.o] Error 1
[2.322s] make[1]: *** [CMakeFiles/Makefile2:78: CMakeFiles/calculate_direction.dir/all] Error 2
[2.322s] make: *** [Makefile:141: all] Error 2
[2.323s] Invoked command in '/home/alumnos/alejo/colcon_ws/src/follow-wall-roboros/build/follow-wall' returned '2': CMAKE_PREFIX_PATH=${CMAKE_PREFIX_PATH}:/home/alumnos/alejo/colcon_ws/install/ros2controlcli:/home/alumnos/alejo/colcon_ws/install/launch_pal:/home/alumnos/alejo/colcon_ws/install/intro_py_ros2:/opt/ros/foxy /usr/bin/cmake --build /home/alumnos/alejo/colcon_ws/src/follow-wall-roboros/build/follow-wall -- -j6 -l6
