make[2]: AtenciÃ³n: El archivo 'CMakeFiles/follow_wall_lifecycle.dir/depend.make' tiene una hora de modificaciÃ³n 0,12 s en el futuro
In file included from [01m[K/home/alumnos/acmp/colcon_ws/src/follow-wall-roboros/src/follow_wall_lifecycle/follow_wall_lifecycle.cpp:15[m[K:
[01m[K/home/alumnos/acmp/colcon_ws/src/follow-wall-roboros/include/follow_wall_lifecycle/follow_wall_lifecycle.hpp:75:23:[m[K [01;31m[Kerror: [m[Kâ€˜[01m[KLifecycleSuscriptor[m[Kâ€™ in namespace â€˜[01m[Krclcpp_lifecycle[m[Kâ€™ does not name a template type
   75 |     rclcpp_lifecycle::[01;31m[KLifecycleSuscriptor[m[K<geometry_msgs::msg::Twist>::SharedPtr lasersub_;
      |                       [01;31m[K^~~~~~~~~~~~~~~~~~~[m[K
[01m[K/home/alumnos/acmp/colcon_ws/src/follow-wall-roboros/src/follow_wall_lifecycle/follow_wall_lifecycle.cpp:[m[K In constructor â€˜[01m[KLCNcalc_dir::LCNcalc_dir()[m[Kâ€™:
[01m[K/home/alumnos/acmp/colcon_ws/src/follow-wall-roboros/src/follow_wall_lifecycle/follow_wall_lifecycle.cpp:43:5:[m[K [01;31m[Kerror: [m[Kâ€˜[01m[Klasersub_[m[Kâ€™ was not declared in this scope
   43 |     [01;31m[Klasersub_[m[K = create_subscription<sensor_msgs/msg/LaserScan>(
      |     [01;31m[K^~~~~~~~~[m[K
[01m[K/home/alumnos/acmp/colcon_ws/src/follow-wall-roboros/src/follow_wall_lifecycle/follow_wall_lifecycle.cpp:43:17:[m[K [01;31m[Kerror: [m[Kparse error in template argument list
   43 |     lasersub_ = [01;31m[Kcreate_subscription<sensor_msgs/msg/LaserScan>[m[K(
      |                 [01;31m[K^~~~~~~~~~~~~~~~~~~~~~~~~~~~~~~~~~~~~~~~~~~~~~[m[K
[01m[K/home/alumnos/acmp/colcon_ws/src/follow-wall-roboros/src/follow_wall_lifecycle/follow_wall_lifecycle.cpp:44:34:[m[K [01;31m[Kerror: [m[Kâ€˜[01m[KEngineNode[m[Kâ€™ has not been declared
   44 |       "scan_raw", 10, std::bind(&[01;31m[KEngineNode[m[K::callback, this, _1));
      |                                  [01;31m[K^~~~~~~~~~[m[K
[01m[K/home/alumnos/acmp/colcon_ws/src/follow-wall-roboros/src/follow_wall_lifecycle/follow_wall_lifecycle.cpp:[m[K At global scope:
[01m[K/home/alumnos/acmp/colcon_ws/src/follow-wall-roboros/src/follow_wall_lifecycle/follow_wall_lifecycle.cpp:100:14:[m[K [01;31m[Kerror: [m[Kexpected unqualified-id before â€˜[01m[Kvoid[m[Kâ€™
  100 | LCNcalc_dir::[01;31m[Kvoid[m[K callback(const sensor_msgs::msg::LaserScan::SharedPtr msg) const
      |              [01;31m[K^~~~[m[K
make[2]: *** [CMakeFiles/follow_wall_lifecycle.dir/build.make:63: CMakeFiles/follow_wall_lifecycle.dir/src/follow_wall_lifecycle/follow_wall_lifecycle.cpp.o] Error 1
make[1]: *** [CMakeFiles/Makefile2:148: CMakeFiles/follow_wall_lifecycle.dir/all] Error 2
make: *** [Makefile:141: all] Error 2
