[0.062s] Invoking command in '/home/alumnos/acmp/colcon_ws/src/follow-wall-roboros/build/follow-wall': CMAKE_PREFIX_PATH=${CMAKE_PREFIX_PATH}:/home/alumnos/acmp/colcon_ws/install/ros2controlcli:/home/alumnos/acmp/colcon_ws/install/launch_pal:/home/alumnos/acmp/colcon_ws/install/intro_py_ros2:/opt/ros/foxy /usr/bin/cmake --build /home/alumnos/acmp/colcon_ws/src/follow-wall-roboros/build/follow-wall -- -j4 -l4
[0.179s] [35m[1mScanning dependencies of target follow_wall_lifecycle[0m
[0.199s] [ 40%] Built target gtest_main
[0.199s] [ 40%] Built target gtest
[0.217s] make[2]: AtenciÃ³n: El archivo 'CMakeFiles/follow_wall_lifecycle.dir/depend.make' tiene una hora de modificaciÃ³n 0,12 s en el futuro
[0.237s] [ 50%] [32mBuilding CXX object CMakeFiles/follow_wall_lifecycle.dir/src/follow_wall_lifecycle/follow_wall_lifecycle.cpp.o[0m
[1.470s] In file included from [01m[K/home/alumnos/acmp/colcon_ws/src/follow-wall-roboros/src/follow_wall_lifecycle/follow_wall_lifecycle.cpp:15[m[K:
[1.471s] [01m[K/home/alumnos/acmp/colcon_ws/src/follow-wall-roboros/include/follow_wall_lifecycle/follow_wall_lifecycle.hpp:75:23:[m[K [01;31m[Kerror: [m[Kâ€˜[01m[KLifecycleSuscriptor[m[Kâ€™ in namespace â€˜[01m[Krclcpp_lifecycle[m[Kâ€™ does not name a template type
[1.471s]    75 |     rclcpp_lifecycle::[01;31m[KLifecycleSuscriptor[m[K<geometry_msgs::msg::Twist>::SharedPtr lasersub_;
[1.471s]       |                       [01;31m[K^~~~~~~~~~~~~~~~~~~[m[K
[1.474s] [01m[K/home/alumnos/acmp/colcon_ws/src/follow-wall-roboros/src/follow_wall_lifecycle/follow_wall_lifecycle.cpp:[m[K In constructor â€˜[01m[KLCNcalc_dir::LCNcalc_dir()[m[Kâ€™:
[1.475s] [01m[K/home/alumnos/acmp/colcon_ws/src/follow-wall-roboros/src/follow_wall_lifecycle/follow_wall_lifecycle.cpp:43:5:[m[K [01;31m[Kerror: [m[Kâ€˜[01m[Klasersub_[m[Kâ€™ was not declared in this scope
[1.475s]    43 |     [01;31m[Klasersub_[m[K = create_subscription<sensor_msgs/msg/LaserScan>(
[1.475s]       |     [01;31m[K^~~~~~~~~[m[K
[1.476s] [01m[K/home/alumnos/acmp/colcon_ws/src/follow-wall-roboros/src/follow_wall_lifecycle/follow_wall_lifecycle.cpp:43:17:[m[K [01;31m[Kerror: [m[Kparse error in template argument list
[1.476s]    43 |     lasersub_ = [01;31m[Kcreate_subscription<sensor_msgs/msg/LaserScan>[m[K(
[1.476s]       |                 [01;31m[K^~~~~~~~~~~~~~~~~~~~~~~~~~~~~~~~~~~~~~~~~~~~~~[m[K
[1.476s] [01m[K/home/alumnos/acmp/colcon_ws/src/follow-wall-roboros/src/follow_wall_lifecycle/follow_wall_lifecycle.cpp:44:34:[m[K [01;31m[Kerror: [m[Kâ€˜[01m[KEngineNode[m[Kâ€™ has not been declared
[1.477s]    44 |       "scan_raw", 10, std::bind(&[01;31m[KEngineNode[m[K::callback, this, _1));
[1.477s]       |                                  [01;31m[K^~~~~~~~~~[m[K
[1.484s] [01m[K/home/alumnos/acmp/colcon_ws/src/follow-wall-roboros/src/follow_wall_lifecycle/follow_wall_lifecycle.cpp:[m[K At global scope:
[1.485s] [01m[K/home/alumnos/acmp/colcon_ws/src/follow-wall-roboros/src/follow_wall_lifecycle/follow_wall_lifecycle.cpp:100:14:[m[K [01;31m[Kerror: [m[Kexpected unqualified-id before â€˜[01m[Kvoid[m[Kâ€™
[1.485s]   100 | LCNcalc_dir::[01;31m[Kvoid[m[K callback(const sensor_msgs::msg::LaserScan::SharedPtr msg) const
[1.486s]       |              [01;31m[K^~~~[m[K
[2.277s] make[2]: *** [CMakeFiles/follow_wall_lifecycle.dir/build.make:63: CMakeFiles/follow_wall_lifecycle.dir/src/follow_wall_lifecycle/follow_wall_lifecycle.cpp.o] Error 1
[2.278s] make[1]: *** [CMakeFiles/Makefile2:148: CMakeFiles/follow_wall_lifecycle.dir/all] Error 2
[2.278s] make: *** [Makefile:141: all] Error 2
[2.280s] Invoked command in '/home/alumnos/acmp/colcon_ws/src/follow-wall-roboros/build/follow-wall' returned '2': CMAKE_PREFIX_PATH=${CMAKE_PREFIX_PATH}:/home/alumnos/acmp/colcon_ws/install/ros2controlcli:/home/alumnos/acmp/colcon_ws/install/launch_pal:/home/alumnos/acmp/colcon_ws/install/intro_py_ros2:/opt/ros/foxy /usr/bin/cmake --build /home/alumnos/acmp/colcon_ws/src/follow-wall-roboros/build/follow-wall -- -j4 -l4
